<?xml version="1.0" encoding="UTF-8" standalone="no"?>
<testsuite failures="0" name="cucumber.runtime.formatter.JUnitFormatter" skipped="0" tests="1" time="58.140194">
    <testcase classname="Test EGranary applicaiton test" name="Test Login Feature" time="58.140194">
        <system-out>
            <![CDATA[Given user opens browser....................................................passed
Then User Proceed to Login..................................................passed
Then Validate Login Page....................................................passed
Then close the browser......................................................passed
]]>
        </system-out>
    </testcase>
</testsuite>
